{
    "wallTime": 5,
    "cpuTime": 4,
    "truncated": false,
    "executionModel": "stateless",
    "outcome": "ok",
    "scriptVersion": {
        "id": "546e8e2b-e0ef-42ee-9133-11ca5947fd7d"
    },
    "scriptName": "4590fb-boards",
    "diagnosticsChannelEvents": [],
    "exceptions": [],
    "logs": [
        {
            "message": [
                "⨯",
                "Error: Dynamic require of \"/home/kim/web2/.open-next/server-functions/default/.next/server/app/(site)/boards/all/page.js\" is not supported"
            ],
            "level": "error",
            "timestamp": 1782111727000
        }
    ],
    "eventTimestamp": 1782111726999,
    "event": {
        "request": {
            "url": "https://4590fb.com/boards/all",
            "method": "GET",
            "headers": {
                "accept": "*/*",
                "accept-encoding": "gzip, br",
                "cf-connecting-ip": "58.78.110.19",
                "cf-ipcountry": "KR",
                "cf-ray": "a0f962b5a89cf57a",
                "cf-visitor": "{\"scheme\":\"https\"}",
                "connection": "Keep-Alive",
                "host": "4590fb.com",
                "user-agent": "curl/8.18.0",
                "x-forwarded-proto": "https",
                "x-real-ip": "58.78.110.19"
            },
            "cf": {
                "httpProtocol": "HTTP/2",
                "requestPriority": "weight=16;exclusive=0;group=0;group-weight=0",
                "edgeRequestKeepAliveStatus": 1,
                "requestHeaderNames": {},
                "clientTcpRtt": 51,
                "clientQuicRtt": 0,
                "colo": "HKG",
                "asn": 3786,
                "asOrganization": "LG POWERCOMM",
                "country": "KR",
                "isEUCountry": false,
                "city": "Daejeon",
                "continent": "AS",
                "region": "Daejeon",
                "regionCode": "30",
                "timezone": "Asia/Seoul",
                "longitude": "127.38493",
                "latitude": "36.34913",
                "postalCode": "35228",
                "tlsVersion": "TLSv1.3",
                "tlsCipher": "AEAD-AES256-GCM-SHA384",
                "tlsClientRandom": "MVlXzdBtjhgaoah+EhOMGINxq9U3b/TaOk/DSMFAbqI=",
                "tlsClientCiphersSha1": "hCCNuWP9ky6AR69i97wdKYbhFQo=",
                "tlsClientExtensionsSha1": "4oF0LRxQXUDhrRY0MazQAVJh7Go=",
                "tlsClientExtensionsSha1Le": "Ea9swA+X7+AQtmDnJ28MlyPK/Fg=",
                "tlsExportedAuthenticator": {
                    "clientHandshake": "245daf3d742d6963c167e9035c8103cd8e5f586ad7e5f3782f506e7c6fe7213c970d6544fff9b9c19f4dfe1a0631644a",
                    "serverHandshake": "eb408d4652ee602cdc75e537bb8f6b989d4410853b4e99b9947e1b266071a222ec016a339200b4b5e001bc7f9816ddf9",
                    "clientFinished": "24bcedaef03dd2d35ae80595b843a9acda37db4c2bb1ad54f79efd8a0f222de56107839ad50154d2570a604621adf4e5",
                    "serverFinished": "0e092be7e6f7777c77e1f0ab9a3f264c2e72145bee9afea4e2f79d7a85071730001f27897f781957541c8ba5aaf3b35a"
                },
                "tlsClientHelloLength": "1561",
                "tlsClientAuth": {
                    "certPresented": "0",
                    "certVerified": "NONE",
                    "certRevoked": "0",
                    "certIssuerDN": "",
                    "certSubjectDN": "",
                    "certIssuerDNRFC2253": "",
                    "certSubjectDNRFC2253": "",
                    "certIssuerDNLegacy": "",
                    "certSubjectDNLegacy": "",
                    "certSerial": "",
                    "certIssuerSerial": "",
                    "certSKI": "",
                    "certIssuerSKI": "",
                    "certFingerprintSHA1": "",
                    "certFingerprintSHA256": "",
                    "certNotBefore": "",
                    "certNotAfter": "",
                    "certRFC9440": "",
                    "certRFC9440TooLarge": false,
                    "certChainRFC9440": "",
                    "certChainRFC9440TooLarge": false
                },
                "verifiedBotCategory": "",
                "edgeL4": {
                    "deliveryRate": 91402
                }
            }
        },
        "response": {
            "status": 500
        }
    }
}
